<?xml version="1.0" encoding="UTF-8"?>
<!-- Generated by org.testng.reporters.JUnitReportReporter -->
<testsuite hostname="LAPTOP-MFJ8Q0NV" failures="0" tests="1" name="testcases.MyAccountTest" time="6.349" errors="0" timestamp="2021-10-22T01:48:57 IST" skipped="0">
  <testcase classname="testcases.MyAccountTest" name="clickDesktopOptions" time="6.349"/>
  <system-out/>
</testsuite> <!-- testcases.MyAccountTest -->
