<?xml version="1.0" encoding="UTF-8"?>
<!-- Generated by org.testng.reporters.JUnitReportReporter -->
<testsuite hostname="LAPTOP-MFJ8Q0NV" failures="0" tests="1" name="testcases.LoginTest" time="23.825" errors="0" timestamp="2021-10-18T23:01:01 IST" skipped="0">
  <testcase classname="testcases.LoginTest" name="login" time="23.825"/>
  <system-out/>
</testsuite> <!-- testcases.LoginTest -->
