<?xml version="1.0" encoding="UTF-8"?>
<!-- Generated by org.testng.reporters.JUnitReportReporter -->
<testsuite hostname="LAPTOP-MFJ8Q0NV" failures="0" tests="3" name="testcases.WishListTest" time="21.181" errors="0" timestamp="2021-10-29T19:26:56 IST" skipped="0">
  <testcase classname="testcases.WishListTest" name="ClickOnContinue" time="7.492"/>
  <system-out/>
  <testcase classname="testcases.WishListTest" name="verifyUserIsOnWishList" time="6.503"/>
  <system-out/>
  <testcase classname="testcases.WishListTest" name="printWishListTable" time="7.186"/>
  <system-out/>
</testsuite> <!-- testcases.WishListTest -->
