<?xml version="1.0" encoding="UTF-8"?>
<!-- Generated by org.testng.reporters.JUnitReportReporter -->
<testsuite hostname="LAPTOP-MFJ8Q0NV" failures="0" tests="1" name="testcases.RegistrationTest" time="13.131" errors="0" timestamp="2021-10-04T23:08:29 IST" skipped="0">
  <testcase classname="testcases.RegistrationTest" name="doUserRegistration" time="13.131"/>
  <system-out/>
</testsuite> <!-- testcases.RegistrationTest -->
