<?xml version="1.0" encoding="UTF-8"?>
<!-- Generated by org.testng.reporters.JUnitReportReporter -->
<testsuite hostname="LAPTOP-MFJ8Q0NV" failures="0" tests="2" name="testcases.YourStoreTest" time="21.203" errors="0" timestamp="2021-09-22T00:43:29 IST" skipped="0">
  <testcase classname="testcases.YourStoreTest" name="verifyShoppingCart" time="14.460"/>
  <system-out/>
  <testcase classname="testcases.YourStoreTest" name="verifyTitle" time="6.743"/>
  <system-out/>
</testsuite> <!-- testcases.YourStoreTest -->
