<?xml version="1.0" encoding="UTF-8"?>
<!-- Generated by org.testng.reporters.JUnitReportReporter -->
<testsuite hostname="LAPTOP-MFJ8Q0NV" failures="0" tests="2" name="testcases.YourStoreTest" time="15.764" errors="0" timestamp="2021-10-22T01:48:57 IST" skipped="0">
  <testcase classname="testcases.YourStoreTest" name="verifyTitle" time="5.454"/>
  <system-out/>
  <testcase classname="testcases.YourStoreTest" name="verifyShoppingCart" time="10.310"/>
  <system-out/>
</testsuite> <!-- testcases.YourStoreTest -->
