<?xml version="1.0" encoding="UTF-8"?>
<!-- Generated by org.testng.reporters.JUnitReportReporter -->
<testsuite hostname="LAPTOP-MFJ8Q0NV" failures="0" tests="1" name="testcases.MyAccountTest" time="14.315" errors="0" timestamp="2021-07-23T01:01:26 IST" skipped="0">
  <testcase classname="testcases.MyAccountTest" name="checkDesktopOptions" time="14.315"/>
  <system-out/>
</testsuite> <!-- testcases.MyAccountTest -->
