<?xml version="1.0" encoding="UTF-8"?>
<!-- Generated by org.testng.reporters.JUnitReportReporter -->
<testsuite hostname="LAPTOP-MFJ8Q0NV" failures="0" tests="2" name="testcases.YourStoreTest" time="20.027" errors="0" timestamp="2021-08-06T14:21:07 IST" skipped="0">
  <testcase classname="testcases.YourStoreTest" name="verifyShoppingCart" time="11.920"/>
  <system-out/>
  <testcase classname="testcases.YourStoreTest" name="verifyTitle" time="8.107"/>
  <system-out/>
</testsuite> <!-- testcases.YourStoreTest -->
