<?xml version="1.0" encoding="UTF-8"?>
<!-- Generated by org.testng.reporters.JUnitReportReporter -->
<testsuite hostname="LAPTOP-MFJ8Q0NV" failures="0" tests="2" name="testcases.MyAccountTest" time="12.764" errors="0" timestamp="2021-10-29T19:26:56 IST" skipped="0">
  <testcase classname="testcases.MyAccountTest" name="clickDesktopOptions" time="6.623"/>
  <system-out/>
  <testcase classname="testcases.MyAccountTest" name="verifyContentInTable" time="6.141"/>
  <system-out/>
</testsuite> <!-- testcases.MyAccountTest -->
