<?xml version="1.0" encoding="UTF-8"?>
<!-- Generated by org.testng.reporters.JUnitReportReporter -->
<testsuite hostname="LAPTOP-MFJ8Q0NV" failures="0" tests="2" name="testcases.YourStoreTest" time="27.846" errors="0" timestamp="2021-07-17T18:15:09 IST" skipped="0">
  <testcase classname="testcases.YourStoreTest" name="verifyShoppingCart" time="19.149"/>
  <system-out/>
  <testcase classname="testcases.YourStoreTest" name="verifyTitle" time="8.697"/>
  <system-out/>
</testsuite> <!-- testcases.YourStoreTest -->
