<?xml version="1.0" encoding="UTF-8"?>
<!-- Generated by org.testng.reporters.JUnitReportReporter -->
<testsuite hostname="LAPTOP-MFJ8Q0NV" failures="0" tests="1" name="testcases.LoginTest" time="7.485" errors="0" timestamp="2021-10-29T19:26:56 IST" skipped="0">
  <testcase classname="testcases.LoginTest" name="login" time="7.485"/>
  <system-out/>
</testsuite> <!-- testcases.LoginTest -->
