<?xml version="1.0" encoding="UTF-8"?>
<!-- Generated by org.testng.reporters.JUnitReportReporter -->
<testsuite hostname="LAPTOP-MFJ8Q0NV" failures="0" tests="2" name="testcases.YourStoreTest" time="20.800" errors="0" timestamp="2021-10-18T23:01:01 IST" skipped="0">
  <testcase classname="testcases.YourStoreTest" name="verifyTitle" time="6.104"/>
  <system-out/>
  <testcase classname="testcases.YourStoreTest" name="verifyShoppingCart" time="14.696"/>
  <system-out/>
</testsuite> <!-- testcases.YourStoreTest -->
