<?xml version="1.0" encoding="UTF-8"?>
<!-- Generated by org.testng.reporters.JUnitReportReporter -->
<testsuite hostname="LAPTOP-MFJ8Q0NV" failures="0" tests="2" name="testcases.YourStoreTest" time="90.775" errors="0" timestamp="2021-07-17T13:42:15 IST" skipped="0">
  <testcase classname="testcases.YourStoreTest" name="verifyShoppingCart" time="27.193"/>
  <system-out/>
  <testcase classname="testcases.YourStoreTest" name="verifyTitle" time="63.582"/>
  <system-out/>
</testsuite> <!-- testcases.YourStoreTest -->
