<?xml version="1.0" encoding="UTF-8"?>
<!-- Generated by org.testng.reporters.JUnitReportReporter -->
<testsuite hostname="LAPTOP-MFJ8Q0NV" failures="0" tests="1" name="testcases.MyAccountTest" time="8.714" errors="0" timestamp="2021-09-22T00:44:11 IST" skipped="0">
  <testcase classname="testcases.MyAccountTest" name="clickDesktopOptions" time="8.714"/>
  <system-out/>
</testsuite> <!-- testcases.MyAccountTest -->
