<?xml version="1.0" encoding="UTF-8"?>
<!-- Generated by org.testng.reporters.JUnitReportReporter -->
<testsuite hostname="LAPTOP-MFJ8Q0NV" failures="0" tests="1" name="testcases.LoginTest" time="9.581" errors="0" timestamp="2021-07-12T23:59:07 IST" skipped="0">
  <testcase classname="testcases.LoginTest" name="login" time="9.581"/>
  <system-out/>
</testsuite> <!-- testcases.LoginTest -->
