<?xml version="1.0" encoding="UTF-8"?>
<!-- Generated by org.testng.reporters.JUnitReportReporter -->
<testsuite hostname="LAPTOP-MFJ8Q0NV" failures="0" tests="1" name="testcases.YourStoreTest" time="10.180" errors="0" timestamp="2021-07-14T00:49:23 IST" skipped="0">
  <testcase classname="testcases.YourStoreTest" name="verifyTitle" time="10.180"/>
  <system-out/>
</testsuite> <!-- testcases.YourStoreTest -->
